Running on the development release
Starting unattended upgrades script
Allowed origins are: o=Ubuntu,a=noble, o=Ubuntu,a=noble-security, o=UbuntuESMApps,a=noble-apps-security, o=UbuntuESM,a=noble-infra-security
Initial blacklist: 
Initial whitelist (not strict): 
Marking not allowed <apt_pkg.PackageFile object: filename:'/var/lib/apt/lists/us.archive.ubuntu.com_ubuntu_dists_noble-backports_universe_i18n_Translation-en'  a=noble-backports,c=universe,v=24.04,o=Ubuntu,l=Ubuntu arch='' site='us.archive.ubuntu.com' IndexType='Debian Translation Index' Size=59865 ID:22> with -32768 pin
Marking not allowed <apt_pkg.PackageFile object: filename:'/var/lib/apt/lists/us.archive.ubuntu.com_ubuntu_dists_noble-backports_universe_binary-amd64_Packages'  a=noble-backports,c=universe,v=24.04,o=Ubuntu,l=Ubuntu arch='amd64' site='us.archive.ubuntu.com' IndexType='Debian Package Index' Size=129281 ID:21> with -32768 pin
Marking not allowed <apt_pkg.PackageFile object: filename:'/var/lib/apt/lists/us.archive.ubuntu.com_ubuntu_dists_noble-backports_main_i18n_Translation-en'  a=noble-backports,c=main,v=24.04,o=Ubuntu,l=Ubuntu arch='' site='us.archive.ubuntu.com' IndexType='Debian Translation Index' Size=118381 ID:20> with -32768 pin
Marking not allowed <apt_pkg.PackageFile object: filename:'/var/lib/apt/lists/us.archive.ubuntu.com_ubuntu_dists_noble-backports_main_binary-amd64_Packages'  a=noble-backports,c=main,v=24.04,o=Ubuntu,l=Ubuntu arch='amd64' site='us.archive.ubuntu.com' IndexType='Debian Package Index' Size=248707 ID:19> with -32768 pin
Marking not allowed <apt_pkg.PackageFile object: filename:'/var/lib/apt/lists/us.archive.ubuntu.com_ubuntu_dists_noble-updates_multiverse_i18n_Translation-en'  a=noble-updates,c=multiverse,v=24.04,o=Ubuntu,l=Ubuntu arch='' site='us.archive.ubuntu.com' IndexType='Debian Translation Index' Size=35036 ID:18> with -32768 pin
Marking not allowed <apt_pkg.PackageFile object: filename:'/var/lib/apt/lists/us.archive.ubuntu.com_ubuntu_dists_noble-updates_multiverse_binary-amd64_Packages'  a=noble-updates,c=multiverse,v=24.04,o=Ubuntu,l=Ubuntu arch='amd64' site='us.archive.ubuntu.com' IndexType='Debian Package Index' Size=150809 ID:17> with -32768 pin
Marking not allowed <apt_pkg.PackageFile object: filename:'/var/lib/apt/lists/us.archive.ubuntu.com_ubuntu_dists_noble-updates_universe_i18n_Translation-en'  a=noble-updates,c=universe,v=24.04,o=Ubuntu,l=Ubuntu arch='' site='us.archive.ubuntu.com' IndexType='Debian Translation Index' Size=2232388 ID:16> with -32768 pin
Marking not allowed <apt_pkg.PackageFile object: filename:'/var/lib/apt/lists/us.archive.ubuntu.com_ubuntu_dists_noble-updates_universe_binary-amd64_Packages'  a=noble-updates,c=universe,v=24.04,o=Ubuntu,l=Ubuntu arch='amd64' site='us.archive.ubuntu.com' IndexType='Debian Package Index' Size=6566120 ID:15> with -32768 pin
Marking not allowed <apt_pkg.PackageFile object: filename:'/var/lib/apt/lists/us.archive.ubuntu.com_ubuntu_dists_noble-updates_restricted_i18n_Translation-en'  a=noble-updates,c=restricted,v=24.04,o=Ubuntu,l=Ubuntu arch='' site='us.archive.ubuntu.com' IndexType='Debian Translation Index' Size=5713984 ID:14> with -32768 pin
Marking not allowed <apt_pkg.PackageFile object: filename:'/var/lib/apt/lists/us.archive.ubuntu.com_ubuntu_dists_noble-updates_restricted_binary-amd64_Packages'  a=noble-updates,c=restricted,v=24.04,o=Ubuntu,l=Ubuntu arch='amd64' site='us.archive.ubuntu.com' IndexType='Debian Package Index' Size=8286361 ID:13> with -32768 pin
Marking not allowed <apt_pkg.PackageFile object: filename:'/var/lib/apt/lists/us.archive.ubuntu.com_ubuntu_dists_noble-updates_main_i18n_Translation-en'  a=noble-updates,c=main,v=24.04,o=Ubuntu,l=Ubuntu arch='' site='us.archive.ubuntu.com' IndexType='Debian Translation Index' Size=4325067 ID:12> with -32768 pin
Marking not allowed <apt_pkg.PackageFile object: filename:'/var/lib/apt/lists/us.archive.ubuntu.com_ubuntu_dists_noble-updates_main_binary-amd64_Packages'  a=noble-updates,c=main,v=24.04,o=Ubuntu,l=Ubuntu arch='amd64' site='us.archive.ubuntu.com' IndexType='Debian Package Index' Size=6685132 ID:11> with -32768 pin
Marking not allowed <apt_pkg.PackageFile object: filename:'/var/lib/apt/lists/pkgs.k8s.io_core:_stable:_v1.30_deb_Packages'  a=,c=,v=,o=obs://build.opensuse.org/isv:kubernetes:core:stable:v1.30/deb,l=isv:kubernetes:core:stable:v1.30 arch='' site='pkgs.k8s.io' IndexType='Debian Package Index' Size=112397 ID:2> with -32768 pin
Marking not allowed <apt_pkg.PackageFile object: filename:'/var/lib/apt/lists/archive.ubuntu.com_ubuntu_dists_focal-updates_main_i18n_Translation-en'  a=focal-updates,c=main,v=20.04,o=Ubuntu,l=Ubuntu arch='' site='archive.ubuntu.com' IndexType='Debian Translation Index' Size=15856198 ID:1> with -32768 pin
Marking not allowed <apt_pkg.PackageFile object: filename:'/var/lib/apt/lists/archive.ubuntu.com_ubuntu_dists_focal-updates_main_binary-amd64_Packages'  a=focal-updates,c=main,v=20.04,o=Ubuntu,l=Ubuntu arch='amd64' site='archive.ubuntu.com' IndexType='Debian Package Index' Size=22165510 ID:0> with -32768 pin
Applying pinning: PkgFilePin(id=22, priority=-32768)
Applying pin -32768 to package_file: <apt_pkg.PackageFile object: filename:'/var/lib/apt/lists/us.archive.ubuntu.com_ubuntu_dists_noble-backports_universe_i18n_Translation-en'  a=noble-backports,c=universe,v=24.04,o=Ubuntu,l=Ubuntu arch='' site='us.archive.ubuntu.com' IndexType='Debian Translation Index' Size=59865 ID:22>
Applying pinning: PkgFilePin(id=21, priority=-32768)
Applying pin -32768 to package_file: <apt_pkg.PackageFile object: filename:'/var/lib/apt/lists/us.archive.ubuntu.com_ubuntu_dists_noble-backports_universe_binary-amd64_Packages'  a=noble-backports,c=universe,v=24.04,o=Ubuntu,l=Ubuntu arch='amd64' site='us.archive.ubuntu.com' IndexType='Debian Package Index' Size=129281 ID:21>
Applying pinning: PkgFilePin(id=20, priority=-32768)
Applying pin -32768 to package_file: <apt_pkg.PackageFile object: filename:'/var/lib/apt/lists/us.archive.ubuntu.com_ubuntu_dists_noble-backports_main_i18n_Translation-en'  a=noble-backports,c=main,v=24.04,o=Ubuntu,l=Ubuntu arch='' site='us.archive.ubuntu.com' IndexType='Debian Translation Index' Size=118381 ID:20>
Applying pinning: PkgFilePin(id=19, priority=-32768)
Applying pin -32768 to package_file: <apt_pkg.PackageFile object: filename:'/var/lib/apt/lists/us.archive.ubuntu.com_ubuntu_dists_noble-backports_main_binary-amd64_Packages'  a=noble-backports,c=main,v=24.04,o=Ubuntu,l=Ubuntu arch='amd64' site='us.archive.ubuntu.com' IndexType='Debian Package Index' Size=248707 ID:19>
Applying pinning: PkgFilePin(id=18, priority=-32768)
Applying pin -32768 to package_file: <apt_pkg.PackageFile object: filename:'/var/lib/apt/lists/us.archive.ubuntu.com_ubuntu_dists_noble-updates_multiverse_i18n_Translation-en'  a=noble-updates,c=multiverse,v=24.04,o=Ubuntu,l=Ubuntu arch='' site='us.archive.ubuntu.com' IndexType='Debian Translation Index' Size=35036 ID:18>
Applying pinning: PkgFilePin(id=17, priority=-32768)
Applying pin -32768 to package_file: <apt_pkg.PackageFile object: filename:'/var/lib/apt/lists/us.archive.ubuntu.com_ubuntu_dists_noble-updates_multiverse_binary-amd64_Packages'  a=noble-updates,c=multiverse,v=24.04,o=Ubuntu,l=Ubuntu arch='amd64' site='us.archive.ubuntu.com' IndexType='Debian Package Index' Size=150809 ID:17>
Applying pinning: PkgFilePin(id=16, priority=-32768)
Applying pin -32768 to package_file: <apt_pkg.PackageFile object: filename:'/var/lib/apt/lists/us.archive.ubuntu.com_ubuntu_dists_noble-updates_universe_i18n_Translation-en'  a=noble-updates,c=universe,v=24.04,o=Ubuntu,l=Ubuntu arch='' site='us.archive.ubuntu.com' IndexType='Debian Translation Index' Size=2232388 ID:16>
Applying pinning: PkgFilePin(id=15, priority=-32768)
Applying pin -32768 to package_file: <apt_pkg.PackageFile object: filename:'/var/lib/apt/lists/us.archive.ubuntu.com_ubuntu_dists_noble-updates_universe_binary-amd64_Packages'  a=noble-updates,c=universe,v=24.04,o=Ubuntu,l=Ubuntu arch='amd64' site='us.archive.ubuntu.com' IndexType='Debian Package Index' Size=6566120 ID:15>
Applying pinning: PkgFilePin(id=14, priority=-32768)
Applying pin -32768 to package_file: <apt_pkg.PackageFile object: filename:'/var/lib/apt/lists/us.archive.ubuntu.com_ubuntu_dists_noble-updates_restricted_i18n_Translation-en'  a=noble-updates,c=restricted,v=24.04,o=Ubuntu,l=Ubuntu arch='' site='us.archive.ubuntu.com' IndexType='Debian Translation Index' Size=5713984 ID:14>
Applying pinning: PkgFilePin(id=13, priority=-32768)
Applying pin -32768 to package_file: <apt_pkg.PackageFile object: filename:'/var/lib/apt/lists/us.archive.ubuntu.com_ubuntu_dists_noble-updates_restricted_binary-amd64_Packages'  a=noble-updates,c=restricted,v=24.04,o=Ubuntu,l=Ubuntu arch='amd64' site='us.archive.ubuntu.com' IndexType='Debian Package Index' Size=8286361 ID:13>
Applying pinning: PkgFilePin(id=12, priority=-32768)
Applying pin -32768 to package_file: <apt_pkg.PackageFile object: filename:'/var/lib/apt/lists/us.archive.ubuntu.com_ubuntu_dists_noble-updates_main_i18n_Translation-en'  a=noble-updates,c=main,v=24.04,o=Ubuntu,l=Ubuntu arch='' site='us.archive.ubuntu.com' IndexType='Debian Translation Index' Size=4325067 ID:12>
Applying pinning: PkgFilePin(id=11, priority=-32768)
Applying pin -32768 to package_file: <apt_pkg.PackageFile object: filename:'/var/lib/apt/lists/us.archive.ubuntu.com_ubuntu_dists_noble-updates_main_binary-amd64_Packages'  a=noble-updates,c=main,v=24.04,o=Ubuntu,l=Ubuntu arch='amd64' site='us.archive.ubuntu.com' IndexType='Debian Package Index' Size=6685132 ID:11>
Applying pinning: PkgFilePin(id=2, priority=-32768)
Applying pin -32768 to package_file: <apt_pkg.PackageFile object: filename:'/var/lib/apt/lists/pkgs.k8s.io_core:_stable:_v1.30_deb_Packages'  a=,c=,v=,o=obs://build.opensuse.org/isv:kubernetes:core:stable:v1.30/deb,l=isv:kubernetes:core:stable:v1.30 arch='' site='pkgs.k8s.io' IndexType='Debian Package Index' Size=112397 ID:2>
Applying pinning: PkgFilePin(id=1, priority=-32768)
Applying pin -32768 to package_file: <apt_pkg.PackageFile object: filename:'/var/lib/apt/lists/archive.ubuntu.com_ubuntu_dists_focal-updates_main_i18n_Translation-en'  a=focal-updates,c=main,v=20.04,o=Ubuntu,l=Ubuntu arch='' site='archive.ubuntu.com' IndexType='Debian Translation Index' Size=15856198 ID:1>
Applying pinning: PkgFilePin(id=0, priority=-32768)
Applying pin -32768 to package_file: <apt_pkg.PackageFile object: filename:'/var/lib/apt/lists/archive.ubuntu.com_ubuntu_dists_focal-updates_main_binary-amd64_Packages'  a=focal-updates,c=main,v=20.04,o=Ubuntu,l=Ubuntu arch='amd64' site='archive.ubuntu.com' IndexType='Debian Package Index' Size=22165510 ID:0>
Using (^linux-.*-[1-9][0-9]*\.[0-9]+\.[0-9]+-[0-9]+(-.+)?$|^kfreebsd-.*-[1-9][0-9]*\.[0-9]+\.[0-9]+-[0-9]+(-.+)?$|^gnumach-.*-[1-9][0-9]*\.[0-9]+\.[0-9]+-[0-9]+(-.+)?$|^.*-modules-[1-9][0-9]*\.[0-9]+\.[0-9]+-[0-9]+(-.+)?$|^.*-kernel-[1-9][0-9]*\.[0-9]+\.[0-9]+-[0-9]+(-.+)?$|^linux-.*-[1-9][0-9]*\.[0-9]+\.[0-9]+-[0-9]+(-.+)?$|^kfreebsd-.*-[1-9][0-9]*\.[0-9]+\.[0-9]+-[0-9]+(-.+)?$|^gnumach-.*-[1-9][0-9]*\.[0-9]+\.[0-9]+-[0-9]+(-.+)?$|^.*-modules-[1-9][0-9]*\.[0-9]+\.[0-9]+-[0-9]+(-.+)?$|^.*-kernel-[1-9][0-9]*\.[0-9]+\.[0-9]+-[0-9]+(-.+)?$) regexp to find kernel packages
Using (^linux-.*-6\.8\.0\-62\-generic$|^linux-.*-6\.8\.0\-62$|^kfreebsd-.*-6\.8\.0\-62\-generic$|^kfreebsd-.*-6\.8\.0\-62$|^gnumach-.*-6\.8\.0\-62\-generic$|^gnumach-.*-6\.8\.0\-62$|^.*-modules-6\.8\.0\-62\-generic$|^.*-modules-6\.8\.0\-62$|^.*-kernel-6\.8\.0\-62\-generic$|^.*-kernel-6\.8\.0\-62$|^linux-.*-6\.8\.0\-62\-generic$|^linux-.*-6\.8\.0\-62$|^kfreebsd-.*-6\.8\.0\-62\-generic$|^kfreebsd-.*-6\.8\.0\-62$|^gnumach-.*-6\.8\.0\-62\-generic$|^gnumach-.*-6\.8\.0\-62$|^.*-modules-6\.8\.0\-62\-generic$|^.*-modules-6\.8\.0\-62$|^.*-kernel-6\.8\.0\-62\-generic$|^.*-kernel-6\.8\.0\-62$) regexp to find running kernel packages
Checking: fwupd ([<Origin component:'main' archive:'noble-updates' origin:'Ubuntu' label:'Ubuntu' site:'us.archive.ubuntu.com' isTrusted:True>])
adjusting candidate version: fwupd=1.9.29-0ubuntu1~24.04.1ubuntu1
Checking: libfwupd2 ([<Origin component:'main' archive:'noble-updates' origin:'Ubuntu' label:'Ubuntu' site:'us.archive.ubuntu.com' isTrusted:True>])
adjusting candidate version: libfwupd2=1.9.29-0ubuntu1~24.04.1ubuntu1
Checking: ubuntu-drivers-common ([<Origin component:'main' archive:'noble-updates' origin:'Ubuntu' label:'Ubuntu' site:'us.archive.ubuntu.com' isTrusted:True>])
adjusting candidate version: ubuntu-drivers-common=1:0.9.7.6ubuntu3
pkgs that look like they should be upgraded: 
Fetched 0 B in 0s (0 B/s)                                                       
fetch.run() result: 0
Packages blacklist due to conffile prompts: []
No packages found that can be upgraded unattended and no pending auto-removals
Package fwupd has a higher version available, checking if it is from an allowed origin and is not pinned down.
Package libfwupd2 has a higher version available, checking if it is from an allowed origin and is not pinned down.
Package ubuntu-drivers-common has a higher version available, checking if it is from an allowed origin and is not pinned down.
Extracting content from /var/log/unattended-upgrades/unattended-upgrades-dpkg.log since 2025-07-01 14:52:25
