Running on the development release
Starting unattended upgrades script
Allowed origins are: o=Ubuntu,a=focal, o=Ubuntu,a=focal-security, o=UbuntuESMApps,a=focal-apps-security, o=UbuntuESM,a=focal-infra-security, origin=dummy-security-repo
Initial blacklist: 
Initial whitelist (not strict): 
Marking not allowed <apt_pkg.PackageFile object: filename:'/var/lib/apt/lists/us.archive.ubuntu.com_ubuntu_dists_focal-backports_universe_i18n_Translation-en'  a=focal-backports,c=universe,v=20.04,o=Ubuntu,l=Ubuntu arch='' site='us.archive.ubuntu.com' IndexType='Debian Translation Index' Size=54888 ID:19> with -32768 pin
Marking not allowed <apt_pkg.PackageFile object: filename:'/var/lib/apt/lists/us.archive.ubuntu.com_ubuntu_dists_focal-backports_universe_binary-amd64_Packages'  a=focal-backports,c=universe,v=20.04,o=Ubuntu,l=Ubuntu arch='amd64' site='us.archive.ubuntu.com' IndexType='Debian Package Index' Size=109755 ID:18> with -32768 pin
Marking not allowed <apt_pkg.PackageFile object: filename:'/var/lib/apt/lists/us.archive.ubuntu.com_ubuntu_dists_focal-backports_main_i18n_Translation-en'  a=focal-backports,c=main,v=20.04,o=Ubuntu,l=Ubuntu arch='' site='us.archive.ubuntu.com' IndexType='Debian Translation Index' Size=143564 ID:17> with -32768 pin
Marking not allowed <apt_pkg.PackageFile object: filename:'/var/lib/apt/lists/us.archive.ubuntu.com_ubuntu_dists_focal-backports_main_binary-amd64_Packages'  a=focal-backports,c=main,v=20.04,o=Ubuntu,l=Ubuntu arch='amd64' site='us.archive.ubuntu.com' IndexType='Debian Package Index' Size=262684 ID:16> with -32768 pin
Marking not allowed <apt_pkg.PackageFile object: filename:'/var/lib/apt/lists/us.archive.ubuntu.com_ubuntu_dists_focal-updates_multiverse_i18n_Translation-en'  a=focal-updates,c=multiverse,v=20.04,o=Ubuntu,l=Ubuntu arch='' site='us.archive.ubuntu.com' IndexType='Debian Translation Index' Size=47624 ID:15> with -32768 pin
Marking not allowed <apt_pkg.PackageFile object: filename:'/var/lib/apt/lists/us.archive.ubuntu.com_ubuntu_dists_focal-updates_multiverse_binary-amd64_Packages'  a=focal-updates,c=multiverse,v=20.04,o=Ubuntu,l=Ubuntu arch='amd64' site='us.archive.ubuntu.com' IndexType='Debian Package Index' Size=178704 ID:14> with -32768 pin
Marking not allowed <apt_pkg.PackageFile object: filename:'/var/lib/apt/lists/us.archive.ubuntu.com_ubuntu_dists_focal-updates_universe_i18n_Translation-en'  a=focal-updates,c=universe,v=20.04,o=Ubuntu,l=Ubuntu arch='' site='us.archive.ubuntu.com' IndexType='Debian Translation Index' Size=2685470 ID:13> with -32768 pin
Marking not allowed <apt_pkg.PackageFile object: filename:'/var/lib/apt/lists/us.archive.ubuntu.com_ubuntu_dists_focal-updates_universe_binary-amd64_Packages'  a=focal-updates,c=universe,v=20.04,o=Ubuntu,l=Ubuntu arch='amd64' site='us.archive.ubuntu.com' IndexType='Debian Package Index' Size=7156039 ID:12> with -32768 pin
Marking not allowed <apt_pkg.PackageFile object: filename:'/var/lib/apt/lists/us.archive.ubuntu.com_ubuntu_dists_focal-updates_restricted_i18n_Translation-en'  a=focal-updates,c=restricted,v=20.04,o=Ubuntu,l=Ubuntu arch='' site='us.archive.ubuntu.com' IndexType='Debian Translation Index' Size=10829850 ID:11> with -32768 pin
Marking not allowed <apt_pkg.PackageFile object: filename:'/var/lib/apt/lists/us.archive.ubuntu.com_ubuntu_dists_focal-updates_restricted_binary-amd64_Packages'  a=focal-updates,c=restricted,v=20.04,o=Ubuntu,l=Ubuntu arch='amd64' site='us.archive.ubuntu.com' IndexType='Debian Package Index' Size=23666306 ID:10> with -32768 pin
Marking not allowed <apt_pkg.PackageFile object: filename:'/var/lib/apt/lists/us.archive.ubuntu.com_ubuntu_dists_focal-updates_main_i18n_Translation-en'  a=focal-updates,c=main,v=20.04,o=Ubuntu,l=Ubuntu arch='' site='us.archive.ubuntu.com' IndexType='Debian Translation Index' Size=15856198 ID:9> with -32768 pin
Marking not allowed <apt_pkg.PackageFile object: filename:'/var/lib/apt/lists/us.archive.ubuntu.com_ubuntu_dists_focal-updates_main_binary-amd64_Packages'  a=focal-updates,c=main,v=20.04,o=Ubuntu,l=Ubuntu arch='amd64' site='us.archive.ubuntu.com' IndexType='Debian Package Index' Size=22165510 ID:8> with -32768 pin
Applying pinning: PkgFilePin(id=19, priority=-32768)
Applying pin -32768 to package_file: <apt_pkg.PackageFile object: filename:'/var/lib/apt/lists/us.archive.ubuntu.com_ubuntu_dists_focal-backports_universe_i18n_Translation-en'  a=focal-backports,c=universe,v=20.04,o=Ubuntu,l=Ubuntu arch='' site='us.archive.ubuntu.com' IndexType='Debian Translation Index' Size=54888 ID:19>
Applying pinning: PkgFilePin(id=18, priority=-32768)
Applying pin -32768 to package_file: <apt_pkg.PackageFile object: filename:'/var/lib/apt/lists/us.archive.ubuntu.com_ubuntu_dists_focal-backports_universe_binary-amd64_Packages'  a=focal-backports,c=universe,v=20.04,o=Ubuntu,l=Ubuntu arch='amd64' site='us.archive.ubuntu.com' IndexType='Debian Package Index' Size=109755 ID:18>
Applying pinning: PkgFilePin(id=17, priority=-32768)
Applying pin -32768 to package_file: <apt_pkg.PackageFile object: filename:'/var/lib/apt/lists/us.archive.ubuntu.com_ubuntu_dists_focal-backports_main_i18n_Translation-en'  a=focal-backports,c=main,v=20.04,o=Ubuntu,l=Ubuntu arch='' site='us.archive.ubuntu.com' IndexType='Debian Translation Index' Size=143564 ID:17>
Applying pinning: PkgFilePin(id=16, priority=-32768)
Applying pin -32768 to package_file: <apt_pkg.PackageFile object: filename:'/var/lib/apt/lists/us.archive.ubuntu.com_ubuntu_dists_focal-backports_main_binary-amd64_Packages'  a=focal-backports,c=main,v=20.04,o=Ubuntu,l=Ubuntu arch='amd64' site='us.archive.ubuntu.com' IndexType='Debian Package Index' Size=262684 ID:16>
Applying pinning: PkgFilePin(id=15, priority=-32768)
Applying pin -32768 to package_file: <apt_pkg.PackageFile object: filename:'/var/lib/apt/lists/us.archive.ubuntu.com_ubuntu_dists_focal-updates_multiverse_i18n_Translation-en'  a=focal-updates,c=multiverse,v=20.04,o=Ubuntu,l=Ubuntu arch='' site='us.archive.ubuntu.com' IndexType='Debian Translation Index' Size=47624 ID:15>
Applying pinning: PkgFilePin(id=14, priority=-32768)
Applying pin -32768 to package_file: <apt_pkg.PackageFile object: filename:'/var/lib/apt/lists/us.archive.ubuntu.com_ubuntu_dists_focal-updates_multiverse_binary-amd64_Packages'  a=focal-updates,c=multiverse,v=20.04,o=Ubuntu,l=Ubuntu arch='amd64' site='us.archive.ubuntu.com' IndexType='Debian Package Index' Size=178704 ID:14>
Applying pinning: PkgFilePin(id=13, priority=-32768)
Applying pin -32768 to package_file: <apt_pkg.PackageFile object: filename:'/var/lib/apt/lists/us.archive.ubuntu.com_ubuntu_dists_focal-updates_universe_i18n_Translation-en'  a=focal-updates,c=universe,v=20.04,o=Ubuntu,l=Ubuntu arch='' site='us.archive.ubuntu.com' IndexType='Debian Translation Index' Size=2685470 ID:13>
Applying pinning: PkgFilePin(id=12, priority=-32768)
Applying pin -32768 to package_file: <apt_pkg.PackageFile object: filename:'/var/lib/apt/lists/us.archive.ubuntu.com_ubuntu_dists_focal-updates_universe_binary-amd64_Packages'  a=focal-updates,c=universe,v=20.04,o=Ubuntu,l=Ubuntu arch='amd64' site='us.archive.ubuntu.com' IndexType='Debian Package Index' Size=7156039 ID:12>
Applying pinning: PkgFilePin(id=11, priority=-32768)
Applying pin -32768 to package_file: <apt_pkg.PackageFile object: filename:'/var/lib/apt/lists/us.archive.ubuntu.com_ubuntu_dists_focal-updates_restricted_i18n_Translation-en'  a=focal-updates,c=restricted,v=20.04,o=Ubuntu,l=Ubuntu arch='' site='us.archive.ubuntu.com' IndexType='Debian Translation Index' Size=10829850 ID:11>
Applying pinning: PkgFilePin(id=10, priority=-32768)
Applying pin -32768 to package_file: <apt_pkg.PackageFile object: filename:'/var/lib/apt/lists/us.archive.ubuntu.com_ubuntu_dists_focal-updates_restricted_binary-amd64_Packages'  a=focal-updates,c=restricted,v=20.04,o=Ubuntu,l=Ubuntu arch='amd64' site='us.archive.ubuntu.com' IndexType='Debian Package Index' Size=23666306 ID:10>
Applying pinning: PkgFilePin(id=9, priority=-32768)
Applying pin -32768 to package_file: <apt_pkg.PackageFile object: filename:'/var/lib/apt/lists/us.archive.ubuntu.com_ubuntu_dists_focal-updates_main_i18n_Translation-en'  a=focal-updates,c=main,v=20.04,o=Ubuntu,l=Ubuntu arch='' site='us.archive.ubuntu.com' IndexType='Debian Translation Index' Size=15856198 ID:9>
Applying pinning: PkgFilePin(id=8, priority=-32768)
Applying pin -32768 to package_file: <apt_pkg.PackageFile object: filename:'/var/lib/apt/lists/us.archive.ubuntu.com_ubuntu_dists_focal-updates_main_binary-amd64_Packages'  a=focal-updates,c=main,v=20.04,o=Ubuntu,l=Ubuntu arch='amd64' site='us.archive.ubuntu.com' IndexType='Debian Package Index' Size=22165510 ID:8>
Using (^linux-.*-[1-9][0-9]*\.[0-9]+\.[0-9]+-[0-9]+(-.+)?$|^kfreebsd-.*-[1-9][0-9]*\.[0-9]+\.[0-9]+-[0-9]+(-.+)?$|^gnumach-.*-[1-9][0-9]*\.[0-9]+\.[0-9]+-[0-9]+(-.+)?$|^.*-modules-[1-9][0-9]*\.[0-9]+\.[0-9]+-[0-9]+(-.+)?$|^.*-kernel-[1-9][0-9]*\.[0-9]+\.[0-9]+-[0-9]+(-.+)?$|^linux-.*-[1-9][0-9]*\.[0-9]+\.[0-9]+-[0-9]+(-.+)?$|^kfreebsd-.*-[1-9][0-9]*\.[0-9]+\.[0-9]+-[0-9]+(-.+)?$|^gnumach-.*-[1-9][0-9]*\.[0-9]+\.[0-9]+-[0-9]+(-.+)?$|^.*-modules-[1-9][0-9]*\.[0-9]+\.[0-9]+-[0-9]+(-.+)?$|^.*-kernel-[1-9][0-9]*\.[0-9]+\.[0-9]+-[0-9]+(-.+)?$) regexp to find kernel packages
Using (^linux-.*-5\.4\.0\-216\-generic$|^linux-.*-5\.4\.0\-216$|^kfreebsd-.*-5\.4\.0\-216\-generic$|^kfreebsd-.*-5\.4\.0\-216$|^gnumach-.*-5\.4\.0\-216\-generic$|^gnumach-.*-5\.4\.0\-216$|^.*-modules-5\.4\.0\-216\-generic$|^.*-modules-5\.4\.0\-216$|^.*-kernel-5\.4\.0\-216\-generic$|^.*-kernel-5\.4\.0\-216$|^linux-.*-5\.4\.0\-216\-generic$|^linux-.*-5\.4\.0\-216$|^kfreebsd-.*-5\.4\.0\-216\-generic$|^kfreebsd-.*-5\.4\.0\-216$|^gnumach-.*-5\.4\.0\-216\-generic$|^gnumach-.*-5\.4\.0\-216$|^.*-modules-5\.4\.0\-216\-generic$|^.*-modules-5\.4\.0\-216$|^.*-kernel-5\.4\.0\-216\-generic$|^.*-kernel-5\.4\.0\-216$) regexp to find running kernel packages
pkgs that look like they should be upgraded: 
Fetched 0 B in 0s (0 B/s)                                                       
fetch.run() result: 0
Packages blacklist due to conffile prompts: []
No packages found that can be upgraded unattended and no pending auto-removals
Package dmeventd has a higher version available, checking if it is from an allowed origin and is not pinned down.
Package dmsetup has a higher version available, checking if it is from an allowed origin and is not pinned down.
Package libdevmapper-event1.02.1 has a higher version available, checking if it is from an allowed origin and is not pinned down.
Package libdevmapper1.02.1 has a higher version available, checking if it is from an allowed origin and is not pinned down.
Package liblvm2cmd2.03 has a higher version available, checking if it is from an allowed origin and is not pinned down.
Package lvm2 has a higher version available, checking if it is from an allowed origin and is not pinned down.
Extracting content from /var/log/unattended-upgrades/unattended-upgrades-dpkg.log since 2025-07-05 04:15:15
