Get:1 file:/usr/local/share/dummy-repo ./ InRelease
Ign:1 file:/usr/local/share/dummy-repo ./ InRelease
Get:2 file:/usr/local/share/dummy-repo ./ Release [844 B]
Get:2 file:/usr/local/share/dummy-repo ./ Release [844 B]
Get:3 file:/usr/local/share/dummy-repo ./ Release.gpg
Ign:3 file:/usr/local/share/dummy-repo ./ Release.gpg
Hit:4 http://us.archive.ubuntu.com/ubuntu noble InRelease
Get:5 http://us.archive.ubuntu.com/ubuntu noble-updates InRelease [126 kB]
Hit:7 http://security.ubuntu.com/ubuntu noble-security InRelease
Hit:8 http://us.archive.ubuntu.com/ubuntu noble-backports InRelease
Hit:6 https://prod-cdn.packages.k8s.io/repositories/isv:/kubernetes:/core:/stable:/v1.30/deb  InRelease
Get:9 http://us.archive.ubuntu.com/ubuntu noble-updates/main amd64 Packages [1,221 kB]
Get:10 http://us.archive.ubuntu.com/ubuntu noble-updates/universe amd64 Packages [1,103 kB]
Fetched 2,451 kB in 1s (2,392 kB/s)
Reading package lists...
Reading package lists...
Building dependency tree...
Reading state information...
Calculating upgrade...
The following upgrades have been deferred due to phasing:
  ubuntu-drivers-common
0 upgraded, 0 newly installed, 0 to remove and 1 not upgraded.
